{
  "stats": {
    "suites": 2,
    "tests": 3,
    "passes": 3,
    "pending": 0,
    "failures": 0,
    "start": "2020-09-17T13:49:53.201Z",
    "end": "2020-09-17T13:50:34.941Z",
    "duration": 41740,
    "testsRegistered": 3,
    "passPercent": 100,
    "pendingPercent": 0,
    "other": 0,
    "hasOther": false,
    "skipped": 0,
    "hasSkipped": false
  },
  "results": [
    {
      "uuid": "6e328b3d-33bc-4c62-8e2a-313dd7047ceb",
      "title": "",
      "fullFile": "",
      "file": "",
      "beforeHooks": [],
      "afterHooks": [],
      "tests": [],
      "suites": [
        {
          "uuid": "f631d8a8-0273-4713-933d-33213e057333",
          "title": "Login",
          "fullFile": "/Users/eduardo.finotti/Documents/www/qazando-codeceptjs-appium/steps/login_test.js",
          "file": "/steps/login_test.js",
          "beforeHooks": [
            {
              "title": "\"before all\" hook: codeceptjs.beforeSuite",
              "fullTitle": "Login \"before all\" hook: codeceptjs.beforeSuite",
              "timedOut": false,
              "duration": 1,
              "state": null,
              "speed": null,
              "pass": false,
              "fail": false,
              "pending": false,
              "context": null,
              "code": "scenario.suiteSetup(suite)",
              "err": {},
              "uuid": "3540468b-2285-43df-b11b-48ef789f7b87",
              "parentUUID": "f631d8a8-0273-4713-933d-33213e057333",
              "isHook": true,
              "skipped": false
            },
            {
              "title": "\"before all\" hook: BeforeSuite",
              "fullTitle": "Login \"before all\" hook: BeforeSuite",
              "timedOut": false,
              "duration": 0,
              "state": null,
              "speed": null,
              "pass": false,
              "fail": false,
              "pending": false,
              "context": null,
              "code": "console.log('BeforeSuite')",
              "err": {},
              "uuid": "032c4b62-d323-4b16-b635-8d307c8004a2",
              "parentUUID": "f631d8a8-0273-4713-933d-33213e057333",
              "isHook": true,
              "skipped": false
            },
            {
              "title": "\"before each\" hook: codeceptjs.before",
              "fullTitle": "Login \"before each\" hook: codeceptjs.before",
              "timedOut": false,
              "duration": 5959,
              "state": null,
              "speed": null,
              "pass": false,
              "fail": false,
              "pending": false,
              "context": null,
              "code": "scenario.setup(suite)",
              "err": {},
              "uuid": "f9ed64aa-6feb-43fb-b71c-8f5f61e96b92",
              "parentUUID": "f631d8a8-0273-4713-933d-33213e057333",
              "isHook": true,
              "skipped": false
            },
            {
              "title": "\"before each\" hook: Before",
              "fullTitle": "Login \"before each\" hook: Before",
              "timedOut": false,
              "duration": 1,
              "state": null,
              "speed": null,
              "pass": false,
              "fail": false,
              "pending": false,
              "context": null,
              "code": "console.log('Before')",
              "err": {},
              "uuid": "1b49173b-ef36-46d9-8f87-d9096360964c",
              "parentUUID": "f631d8a8-0273-4713-933d-33213e057333",
              "isHook": true,
              "skipped": false
            }
          ],
          "afterHooks": [
            {
              "title": "\"after all\" hook: AfterSuite",
              "fullTitle": "Login \"after all\" hook: AfterSuite",
              "timedOut": false,
              "duration": 0,
              "state": null,
              "speed": null,
              "pass": false,
              "fail": false,
              "pending": false,
              "context": null,
              "code": "console.log('AfterSuite')",
              "err": {},
              "uuid": "fbb33be5-3f73-4794-8ae1-4824c669b796",
              "parentUUID": "f631d8a8-0273-4713-933d-33213e057333",
              "isHook": true,
              "skipped": false
            },
            {
              "title": "\"after all\" hook: codeceptjs.afterSuite",
              "fullTitle": "Login \"after all\" hook: codeceptjs.afterSuite",
              "timedOut": false,
              "duration": 0,
              "state": null,
              "speed": null,
              "pass": false,
              "fail": false,
              "pending": false,
              "context": null,
              "code": "scenario.suiteTeardown(suite)",
              "err": {},
              "uuid": "88997117-bc7f-4512-ae78-bd7846eed098",
              "parentUUID": "f631d8a8-0273-4713-933d-33213e057333",
              "isHook": true,
              "skipped": false
            },
            {
              "title": "\"after each\" hook: After",
              "fullTitle": "Login \"after each\" hook: After",
              "timedOut": false,
              "duration": 1,
              "state": null,
              "speed": null,
              "pass": false,
              "fail": false,
              "pending": false,
              "context": null,
              "code": "console.log('After')",
              "err": {},
              "uuid": "c1f32b01-3b7c-44c7-b460-2b84bc7fd92a",
              "parentUUID": "f631d8a8-0273-4713-933d-33213e057333",
              "isHook": true,
              "skipped": false
            },
            {
              "title": "\"after each\" hook: finalize codeceptjs",
              "fullTitle": "Login \"after each\" hook: finalize codeceptjs",
              "timedOut": false,
              "duration": 295,
              "state": null,
              "speed": null,
              "pass": false,
              "fail": false,
              "pending": false,
              "context": null,
              "code": "scenario.teardown(suite)",
              "err": {},
              "uuid": "6a4e777c-b28c-4c1d-bf24-5c92a1ea2c16",
              "parentUUID": "f631d8a8-0273-4713-933d-33213e057333",
              "isHook": true,
              "skipped": false
            }
          ],
          "tests": [
            {
              "title": "Login with success",
              "fullTitle": "Login: Login with success",
              "timedOut": false,
              "duration": 5887,
              "state": "passed",
              "speed": "slow",
              "pass": true,
              "fail": false,
              "pending": false,
              "context": null,
              "code": "login_page.doLogin('teste@teste.com', '123456')\nhome_page.checkLoginSuccess()",
              "err": {},
              "uuid": "2fc7c22b-3ae5-409a-af91-1d05f9d26c0b",
              "parentUUID": "f631d8a8-0273-4713-933d-33213e057333",
              "isHook": false,
              "skipped": false
            },
            {
              "title": "Login with error",
              "fullTitle": "Login: Login with error",
              "timedOut": false,
              "duration": 4893,
              "state": "passed",
              "speed": "slow",
              "pass": true,
              "fail": false,
              "pending": false,
              "context": null,
              "code": "login_page.doLogin('xteste@teste.com', '123456')\nlogin_page.checkLoginError()",
              "err": {},
              "uuid": "b4c5baeb-8c37-4f56-acc1-2046430c51ec",
              "parentUUID": "f631d8a8-0273-4713-933d-33213e057333",
              "isHook": false,
              "skipped": false
            }
          ],
          "suites": [],
          "passes": [
            "2fc7c22b-3ae5-409a-af91-1d05f9d26c0b",
            "b4c5baeb-8c37-4f56-acc1-2046430c51ec"
          ],
          "failures": [],
          "pending": [],
          "skipped": [],
          "duration": 10780,
          "root": false,
          "rootEmpty": false,
          "_timeout": 0
        },
        {
          "uuid": "f0befdab-e4e9-48c1-a8f6-b90e4418be28",
          "title": "Students",
          "fullFile": "/Users/eduardo.finotti/Documents/www/qazando-codeceptjs-appium/steps/students_test.js",
          "file": "/steps/students_test.js",
          "beforeHooks": [
            {
              "title": "\"before all\" hook: codeceptjs.beforeSuite",
              "fullTitle": "Students \"before all\" hook: codeceptjs.beforeSuite",
              "timedOut": false,
              "duration": 0,
              "state": null,
              "speed": null,
              "pass": false,
              "fail": false,
              "pending": false,
              "context": null,
              "code": "scenario.suiteSetup(suite)",
              "err": {},
              "uuid": "03cd0acf-bbe9-45f3-a509-3ed264c9bfa0",
              "parentUUID": "f0befdab-e4e9-48c1-a8f6-b90e4418be28",
              "isHook": true,
              "skipped": false
            },
            {
              "title": "\"before each\" hook: codeceptjs.before",
              "fullTitle": "Students \"before each\" hook: codeceptjs.before",
              "timedOut": false,
              "duration": 7114,
              "state": null,
              "speed": null,
              "pass": false,
              "fail": false,
              "pending": false,
              "context": null,
              "code": "scenario.setup(suite)",
              "err": {},
              "uuid": "cb9d66bd-7316-4cc1-8f87-2a0fc6c5aa81",
              "parentUUID": "f0befdab-e4e9-48c1-a8f6-b90e4418be28",
              "isHook": true,
              "skipped": false
            }
          ],
          "afterHooks": [
            {
              "title": "\"after all\" hook: codeceptjs.afterSuite",
              "fullTitle": "Students \"after all\" hook: codeceptjs.afterSuite",
              "timedOut": false,
              "duration": 0,
              "state": null,
              "speed": null,
              "pass": false,
              "fail": false,
              "pending": false,
              "context": null,
              "code": "scenario.suiteTeardown(suite)",
              "err": {},
              "uuid": "de4979f6-9303-41e8-a54b-7e406170afb1",
              "parentUUID": "f0befdab-e4e9-48c1-a8f6-b90e4418be28",
              "isHook": true,
              "skipped": false
            },
            {
              "title": "\"after each\" hook: finalize codeceptjs",
              "fullTitle": "Students \"after each\" hook: finalize codeceptjs",
              "timedOut": false,
              "duration": 221,
              "state": null,
              "speed": null,
              "pass": false,
              "fail": false,
              "pending": false,
              "context": null,
              "code": "scenario.teardown(suite)",
              "err": {},
              "uuid": "3e76e17a-29fe-4a9a-a404-2c949a78e0ae",
              "parentUUID": "f0befdab-e4e9-48c1-a8f6-b90e4418be28",
              "isHook": true,
              "skipped": false
            }
          ],
          "tests": [
            {
              "title": "Add student with success",
              "fullTitle": "Students: Add student with success",
              "timedOut": false,
              "duration": 9814,
              "state": "passed",
              "speed": "slow",
              "pass": true,
              "fail": false,
              "pending": false,
              "context": null,
              "code": "const myCode = code.getCode()\n    const myName = name.getName()\n    login_page.doLogin('teste@teste.com', '123456')\n    home_page.registerStudent(myCode, myName)\n    home_page.searchStudent(myName, myCode)",
              "err": {},
              "uuid": "e959bbcd-eea2-4286-b4ec-6ea5f6cbb911",
              "parentUUID": "f0befdab-e4e9-48c1-a8f6-b90e4418be28",
              "isHook": false,
              "skipped": false
            }
          ],
          "suites": [],
          "passes": [
            "e959bbcd-eea2-4286-b4ec-6ea5f6cbb911"
          ],
          "failures": [],
          "pending": [],
          "skipped": [],
          "duration": 9814,
          "root": false,
          "rootEmpty": false,
          "_timeout": 0
        }
      ],
      "passes": [],
      "failures": [],
      "pending": [],
      "skipped": [],
      "duration": 0,
      "root": true,
      "rootEmpty": true,
      "_timeout": 0
    }
  ],
  "meta": {
    "mocha": {
      "version": "8.1.3"
    },
    "mochawesome": {
      "options": {
        "quiet": false,
        "reportFilename": "mochawesome",
        "saveHtml": true,
        "saveJson": true,
        "consoleReporter": "spec",
        "useInlineDiffs": false,
        "code": true
      },
      "version": "6.1.1"
    },
    "marge": {
      "options": {},
      "version": "5.1.0"
    }
  }
}